#
# A fatal error has been detected by the Java Runtime Environment:
#
#  EXCEPTION_ACCESS_VIOLATION (0xc0000005) at pc=0x6adeba33, pid=12092, tid=0x00003a50
#
# JRE version: Java(TM) SE Runtime Environment (8.0_191-b12) (build 1.8.0_191-b12)
# Java VM: Java HotSpot(TM) Client VM (25.191-b12 mixed mode windows-x86 )
# Problematic frame:
# V  [jvm.dll+0x15ba33]
#
# Failed to write core dump. Minidumps are not enabled by default on client versions of Windows
#
# If you would like to submit a bug report, please visit:
#   http://bugreport.java.com/bugreport/crash.jsp
#


Current thread (0x26556400):  JavaThread "Multihomed mDNS.Timer" daemon [_thread_in_vm, id=14928, stack(0x26bd0000,0x26c20000)]

siginfo: ExceptionCode=0xc0000005, writing address 0x26c18c08

Registers:
EAX=0x00004000, EBX=0x26c1ce04, ECX=0x26c18c08, EDX=0x27cea268
ESP=0x26c1cc14, EBP=0x26c1cc80, ESI=0x00000005, EDI=0x26c1cc08
EIP=0x6adeba33, EFLAGS=0x00010206

Top of Stack: (sp=0x26c1cc14)
0x26c1cc14:   267606bc 26556400 6adec2c3 26556400
0x26c1cc24:   27cea228 26c1cdfc 26c1cc48 26c1cc4c
0x26c1cc34:   00000907 00000083 268b0000 00000000
0x26c1cc44:   26c1cc98 26c1014c 90c28664 26c1ccac
0x26c1cc54:   77a1cbfa 025ee1e0 26c1ccf8 00000013
0x26c1cc64:   0241c271 24db22e0 26556400 0000000a
0x26c1cc74:   00002440 267606bc 0297b310 26c1ccc8
0x26c1cc84:   6aeb3ece 26c1cdfc 26c1ccf4 26c1cd70 

Instructions: (pc=0x6adeba33)
0x6adeba13:   a9 85 0c 00 be 01 00 00 00 8b f8 39 35 08 ea fe
0x6adeba23:   6a 7c 1b e8 95 57 06 00 0f af c6 8b cf 2b c8 46
0x6adeba33:   c7 01 00 00 00 00 3b 35 08 ea fe 6a 7e e5 5f 5e
0x6adeba43:   c3 cc cc cc cc cc cc cc cc cc cc cc cc 8b 01 8b 


Register to memory mapping:

EAX=0x00004000 is an unknown value
EBX=0x26c1ce04 is pointing into the stack for thread: 0x26556400
ECX=0x26c18c08 is pointing into the stack for thread: 0x26556400
EDX=0x27cea268 is an unknown value
ESP=0x26c1cc14 is pointing into the stack for thread: 0x26556400
EBP=0x26c1cc80 is pointing into the stack for thread: 0x26556400
ESI=0x00000005 is an unknown value
EDI=0x26c1cc08 is pointing into the stack for thread: 0x26556400


Stack: [0x26bd0000,0x26c20000],  sp=0x26c1cc14,  free space=307k
Native frames: (J=compiled Java code, j=interpreted, Vv=VM code, C=native code)
V  [jvm.dll+0x15ba33]
V  [jvm.dll+0x223ece]
V  [jvm.dll+0x15c3ae]
V  [jvm.dll+0xddd5b]
V  [jvm.dll+0xde16a]
C  [java.dll+0xbb78]
C  [java.dll+0xd059]
C  0x0a0d0a0d

Java frames: (J=compiled Java code, j=interpreted, Vv=VM code)
J 2524  java.io.FileOutputStream.writeBytes([BIIZ)V (0 bytes) @ 0x02db69fb [0x02db6990+0x6b]
j  java.io.FileOutputStream.write([BII)V+8
j  java.io.BufferedOutputStream.flushBuffer()V+20
j  java.io.BufferedOutputStream.write([BII)V+39
j  java.io.PrintStream.write([BII)V+16
j  sun.nio.cs.StreamEncoder.writeBytes()V+120
j  sun.nio.cs.StreamEncoder.implFlushBuffer()V+11
j  sun.nio.cs.StreamEncoder.flushBuffer()V+15
j  java.io.OutputStreamWriter.flushBuffer()V+4
j  java.io.PrintStream.write(Ljava/lang/String;)V+27
j  java.io.PrintStream.print(Ljava/lang/String;)V+9
j  cc.arduino.ConsoleOutputStream.flush()V+18
j  java.io.PrintStream.write([BII)V+30
j  sun.nio.cs.StreamEncoder.writeBytes()V+120
j  sun.nio.cs.StreamEncoder.implFlushBuffer()V+11
j  sun.nio.cs.StreamEncoder.flushBuffer()V+15
j  java.io.OutputStreamWriter.flushBuffer()V+4
j  java.io.PrintStream.write(Ljava/lang/String;)V+27
j  java.io.PrintStream.print(Ljava/lang/String;)V+9
j  java.lang.ThreadGroup.uncaughtException(Ljava/lang/Thread;Ljava/lang/Throwable;)V+75
j  java.lang.ThreadGroup.uncaughtException(Ljava/lang/Thread;Ljava/lang/Throwable;)V+13
j  java.lang.Thread.dispatchUncaughtException(Ljava/lang/Throwable;)V+6
v  ~StubRoutines::call_stub

---------------  P R O C E S S  ---------------

Java Threads: ( => current thread )
  0x27e83400 JavaThread "EventThread COM4" [_thread_in_native, id=24976, stack(0x25100000,0x25150000)]
  0x27e82c00 JavaThread "DestroyJavaVM" [_thread_blocked, id=24768, stack(0x02550000,0x025a0000)]
  0x27e14c00 JavaThread "TimerQueue" daemon [_thread_blocked, id=19012, stack(0x2a9e0000,0x2aa30000)]
  0x27e12800 JavaThread "AWT-EventQueue-0" [_thread_blocked, id=23044, stack(0x2a370000,0x2a3c0000)]
  0x27e13400 JavaThread "AWT-Shutdown" [_thread_blocked, id=8012, stack(0x28e10000,0x28e60000)]
  0x27e16000 JavaThread "Batik CleanerThread" daemon [_thread_blocked, id=13964, stack(0x28ea0000,0x28ef0000)]
  0x27e2e400 JavaThread "JmDNS(HP-0JQBTC3DAN7I.local.).State.Timer" [_thread_blocked, id=15104, stack(0x28dc0000,0x28e10000)]
  0x27e23400 JavaThread "JmDNS(HP-0JQBTC3DAN7I.local.).Timer" daemon [_thread_blocked, id=11192, stack(0x28d30000,0x28d80000)]
  0x27e23000 JavaThread "SocketListener(HP-0JQBTC3DAN7I.local.)" daemon [_thread_in_native, id=20760, stack(0x28ca0000,0x28cf0000)]
=>0x26556400 JavaThread "Multihomed mDNS.Timer" daemon [_thread_in_vm, id=14928, stack(0x26bd0000,0x26c20000)]
  0x27d60800 JavaThread "cc.arduino.packages.discoverers.serial.SerialDiscovery" [_thread_blocked, id=22260, stack(0x28910000,0x28960000)]
  0x26762400 JavaThread "AWT-Windows" daemon [_thread_in_native, id=24668, stack(0x26c60000,0x26cb0000)]
  0x26760000 JavaThread "Java2D Disposer" daemon [_thread_blocked, id=20492, stack(0x26b40000,0x26b90000)]
  0x25d6a400 JavaThread "Service Thread" daemon [_thread_blocked, id=12056, stack(0x263d0000,0x26420000)]
  0x25d62400 JavaThread "C1 CompilerThread0" daemon [_thread_blocked, id=14092, stack(0x26340000,0x26390000)]
  0x25d60800 JavaThread "Attach Listener" daemon [_thread_blocked, id=13288, stack(0x262b0000,0x26300000)]
  0x25d5e000 JavaThread "Signal Dispatcher" daemon [_thread_blocked, id=1552, stack(0x26220000,0x26270000)]
  0x25d4c800 JavaThread "Finalizer" daemon [_thread_blocked, id=1464, stack(0x26090000,0x260e0000)]
  0x25d46c00 JavaThread "Reference Handler" daemon [_thread_blocked, id=23352, stack(0x26000000,0x26050000)]

Other Threads:
  0x25d30c00 VMThread [stack: 0x25f70000,0x25fc0000] [id=18776]
  0x25d6d400 WatcherThread [stack: 0x26460000,0x264b0000] [id=26704]

VM state:not at safepoint (normal execution)

VM Mutex/Monitor currently owned by a thread: None

Heap:
 def new generation   total 83648K, used 17684K [0x04c00000, 0x0a6c0000, 0x0f6a0000)
  eden space 74368K,  23% used [0x04c00000, 0x05d44b40, 0x094a0000)
  from space 9280K,   0% used [0x09db0000, 0x09db04e8, 0x0a6c0000)
  to   space 9280K,   0% used [0x094a0000, 0x094a0000, 0x09db0000)
 tenured generation   total 185720K, used 132534K [0x0f6a0000, 0x1abfe000, 0x24c00000)
   the space 185720K,  71% used [0x0f6a0000, 0x1780d870, 0x1780da00, 0x1abfe000)
 Metaspace       used 25485K, capacity 26028K, committed 26112K, reserved 27008K

Card table byte_map: [0x04a20000,0x04b30000] byte_map_base: 0x049fa000

Polling page: 0x02440000

CodeCache: size=32768Kb used=2102Kb max_used=4646Kb free=30665Kb
 bounds [0x02970000, 0x02e00000, 0x04970000]
 total_blobs=1214 nmethods=914 adapters=228
 compilation: enabled

Compilation events (10 events):
Event: 13952.408 Thread 0x25d62400 19699             javax.jmdns.impl.constants.DNSRecordType::typeForIndex (55 bytes)
Event: 13952.409 Thread 0x25d62400 nmethod 19699 0x02d71748 code [0x02d71870, 0x02d71a28]
Event: 13967.366 Thread 0x25d62400 19700             javax.swing.JComponent::getFontMetrics (6 bytes)
Event: 13967.367 Thread 0x25d62400 nmethod 19700 0x02c2e648 code [0x02c2e760, 0x02c2e868]
Event: 13980.396 Thread 0x25d62400 19701             sun.java2d.SunGraphics2D::intersectShapes (76 bytes)
Event: 13980.396 Thread 0x25d62400 nmethod 19701 0x02be6bc8 code [0x02be6d10, 0x02be6fb0]
Event: 13984.402 Thread 0x25d62400 19702             sun.java2d.SunGraphics2D::clipRect (17 bytes)
Event: 13984.403 Thread 0x25d62400 nmethod 19702 0x02a6a848 code [0x02a6a960, 0x02a6aab4]
Event: 13984.403 Thread 0x25d62400 19703             sun.java2d.SunGraphics2D::clip (35 bytes)
Event: 13984.403 Thread 0x25d62400 nmethod 19703 0x02a68b08 code [0x02a68c20, 0x02a68d14]

GC Heap History (10 events):
Event: 13912.748 GC heap before
{Heap before GC invocations=389 (full 4):
 def new generation   total 83648K, used 74369K [0x04c00000, 0x0a6c0000, 0x0f6a0000)
  eden space 74368K, 100% used [0x04c00000, 0x094a0000, 0x094a0000)
  from space 9280K,   0% used [0x094a0000, 0x094a04e8, 0x09db0000)
  to   space 9280K,   0% used [0x09db0000, 0x09db0000, 0x0a6c0000)
 tenured generation   total 185720K, used 132534K [0x0f6a0000, 0x1abfe000, 0x24c00000)
   the space 185720K,  71% used [0x0f6a0000, 0x1780d870, 0x1780da00, 0x1abfe000)
 Metaspace       used 25485K, capacity 26028K, committed 26112K, reserved 27008K
Event: 13912.750 GC heap after
Heap after GC invocations=390 (full 4):
 def new generation   total 83648K, used 1K [0x04c00000, 0x0a6c0000, 0x0f6a0000)
  eden space 74368K,   0% used [0x04c00000, 0x04c00000, 0x094a0000)
  from space 9280K,   0% used [0x09db0000, 0x09db0590, 0x0a6c0000)
  to   space 9280K,   0% used [0x094a0000, 0x094a0000, 0x09db0000)
 tenured generation   total 185720K, used 132534K [0x0f6a0000, 0x1abfe000, 0x24c00000)
   the space 185720K,  71% used [0x0f6a0000, 0x1780d870, 0x1780da00, 0x1abfe000)
 Metaspace       used 25485K, capacity 26028K, committed 26112K, reserved 27008K
}
Event: 13929.911 GC heap before
{Heap before GC invocations=390 (full 4):
 def new generation   total 83648K, used 74369K [0x04c00000, 0x0a6c0000, 0x0f6a0000)
  eden space 74368K, 100% used [0x04c00000, 0x094a0000, 0x094a0000)
  from space 9280K,   0% used [0x09db0000, 0x09db0590, 0x0a6c0000)
  to   space 9280K,   0% used [0x094a0000, 0x094a0000, 0x09db0000)
 tenured generation   total 185720K, used 132534K [0x0f6a0000, 0x1abfe000, 0x24c00000)
   the space 185720K,  71% used [0x0f6a0000, 0x1780d870, 0x1780da00, 0x1abfe000)
 Metaspace       used 25485K, capacity 26028K, committed 26112K, reserved 27008K
Event: 13929.914 GC heap after
Heap after GC invocations=391 (full 4):
 def new generation   total 83648K, used 1K [0x04c00000, 0x0a6c0000, 0x0f6a0000)
  eden space 74368K,   0% used [0x04c00000, 0x04c00000, 0x094a0000)
  from space 9280K,   0% used [0x094a0000, 0x094a04f8, 0x09db0000)
  to   space 9280K,   0% used [0x09db0000, 0x09db0000, 0x0a6c0000)
 tenured generation   total 185720K, used 132534K [0x0f6a0000, 0x1abfe000, 0x24c00000)
   the space 185720K,  71% used [0x0f6a0000, 0x1780d870, 0x1780da00, 0x1abfe000)
 Metaspace       used 25485K, capacity 26028K, committed 26112K, reserved 27008K
}
Event: 13947.218 GC heap before
{Heap before GC invocations=391 (full 4):
 def new generation   total 83648K, used 74369K [0x04c00000, 0x0a6c0000, 0x0f6a0000)
  eden space 74368K, 100% used [0x04c00000, 0x094a0000, 0x094a0000)
  from space 9280K,   0% used [0x094a0000, 0x094a04f8, 0x09db0000)
  to   space 9280K,   0% used [0x09db0000, 0x09db0000, 0x0a6c0000)
 tenured generation   total 185720K, used 132534K [0x0f6a0000, 0x1abfe000, 0x24c00000)
   the space 185720K,  71% used [0x0f6a0000, 0x1780d870, 0x1780da00, 0x1abfe000)
 Metaspace       used 25485K, capacity 26028K, committed 26112K, reserved 27008K
Event: 13947.221 GC heap after
Heap after GC invocations=392 (full 4):
 def new generation   total 83648K, used 2K [0x04c00000, 0x0a6c0000, 0x0f6a0000)
  eden space 74368K,   0% used [0x04c00000, 0x04c00000, 0x094a0000)
  from space 9280K,   0% used [0x09db0000, 0x09db0848, 0x0a6c0000)
  to   space 9280K,   0% used [0x094a0000, 0x094a0000, 0x09db0000)
 tenured generation   total 185720K, used 132534K [0x0f6a0000, 0x1abfe000, 0x24c00000)
   the space 185720K,  71% used [0x0f6a0000, 0x1780d870, 0x1780da00, 0x1abfe000)
 Metaspace       used 25485K, capacity 26028K, committed 26112K, reserved 27008K
}
Event: 13964.206 GC heap before
{Heap before GC invocations=392 (full 4):
 def new generation   total 83648K, used 74370K [0x04c00000, 0x0a6c0000, 0x0f6a0000)
  eden space 74368K, 100% used [0x04c00000, 0x094a0000, 0x094a0000)
  from space 9280K,   0% used [0x09db0000, 0x09db0848, 0x0a6c0000)
  to   space 9280K,   0% used [0x094a0000, 0x094a0000, 0x09db0000)
 tenured generation   total 185720K, used 132534K [0x0f6a0000, 0x1abfe000, 0x24c00000)
   the space 185720K,  71% used [0x0f6a0000, 0x1780d870, 0x1780da00, 0x1abfe000)
 Metaspace       used 25485K, capacity 26028K, committed 26112K, reserved 27008K
Event: 13964.208 GC heap after
Heap after GC invocations=393 (full 4):
 def new generation   total 83648K, used 1K [0x04c00000, 0x0a6c0000, 0x0f6a0000)
  eden space 74368K,   0% used [0x04c00000, 0x04c00000, 0x094a0000)
  from space 9280K,   0% used [0x094a0000, 0x094a06e0, 0x09db0000)
  to   space 9280K,   0% used [0x09db0000, 0x09db0000, 0x0a6c0000)
 tenured generation   total 185720K, used 132534K [0x0f6a0000, 0x1abfe000, 0x24c00000)
   the space 185720K,  71% used [0x0f6a0000, 0x1780d870, 0x1780da00, 0x1abfe000)
 Metaspace       used 25485K, capacity 26028K, committed 26112K, reserved 27008K
}
Event: 13981.149 GC heap before
{Heap before GC invocations=393 (full 4):
 def new generation   total 83648K, used 74369K [0x04c00000, 0x0a6c0000, 0x0f6a0000)
  eden space 74368K, 100% used [0x04c00000, 0x094a0000, 0x094a0000)
  from space 9280K,   0% used [0x094a0000, 0x094a06e0, 0x09db0000)
  to   space 9280K,   0% used [0x09db0000, 0x09db0000, 0x0a6c0000)
 tenured generation   total 185720K, used 132534K [0x0f6a0000, 0x1abfe000, 0x24c00000)
   the space 185720K,  71% used [0x0f6a0000, 0x1780d870, 0x1780da00, 0x1abfe000)
 Metaspace       used 25485K, capacity 26028K, committed 26112K, reserved 27008K
Event: 13981.152 GC heap after
Heap after GC invocations=394 (full 4):
 def new generation   total 83648K, used 1K [0x04c00000, 0x0a6c0000, 0x0f6a0000)
  eden space 74368K,   0% used [0x04c00000, 0x04c00000, 0x094a0000)
  from space 9280K,   0% used [0x09db0000, 0x09db04e8, 0x0a6c0000)
  to   space 9280K,   0% used [0x094a0000, 0x094a0000, 0x09db0000)
 tenured generation   total 185720K, used 132534K [0x0f6a0000, 0x1abfe000, 0x24c00000)
   the space 185720K,  71% used [0x0f6a0000, 0x1780d870, 0x1780da00, 0x1abfe000)
 Metaspace       used 25485K, capacity 26028K, committed 26112K, reserved 27008K
}

Deoptimization events (0 events):
No events

Classes redefined (0 events):
No events

Internal exceptions (10 events):
Event: 11447.586 Thread 0x27e7f400 Exception <a 'sun/nio/fs/WindowsException'> (0x0817e478) thrown at [C:\workspace\8-2-build-windows-i586-cygwin\jdk8u191\11896\hotspot\src\share\vm\prims\jni.cpp, line 709]
Event: 11447.588 Thread 0x27e7f400 Exception <a 'sun/nio/fs/WindowsException'> (0x0818d060) thrown at [C:\workspace\8-2-build-windows-i586-cygwin\jdk8u191\11896\hotspot\src\share\vm\prims\jni.cpp, line 709]
Event: 11447.588 Thread 0x27e7f400 Exception <a 'sun/nio/fs/WindowsException'> (0x0818d640) thrown at [C:\workspace\8-2-build-windows-i586-cygwin\jdk8u191\11896\hotspot\src\share\vm\prims\jni.cpp, line 709]
Event: 11447.590 Thread 0x27e7f400 Exception <a 'sun/nio/fs/WindowsException'> (0x08198670) thrown at [C:\workspace\8-2-build-windows-i586-cygwin\jdk8u191\11896\hotspot\src\share\vm\prims\jni.cpp, line 709]
Event: 11447.590 Thread 0x27e7f400 Exception <a 'sun/nio/fs/WindowsException'> (0x08198c50) thrown at [C:\workspace\8-2-build-windows-i586-cygwin\jdk8u191\11896\hotspot\src\share\vm\prims\jni.cpp, line 709]
Event: 11447.592 Thread 0x27e7f400 Exception <a 'sun/nio/fs/WindowsException'> (0x081a7f60) thrown at [C:\workspace\8-2-build-windows-i586-cygwin\jdk8u191\11896\hotspot\src\share\vm\prims\jni.cpp, line 709]
Event: 11447.592 Thread 0x27e7f400 Exception <a 'sun/nio/fs/WindowsException'> (0x081a84c8) thrown at [C:\workspace\8-2-build-windows-i586-cygwin\jdk8u191\11896\hotspot\src\share\vm\prims\jni.cpp, line 709]
Event: 11447.595 Thread 0x27e7f400 Exception <a 'sun/nio/fs/WindowsException'> (0x081b3fd8) thrown at [C:\workspace\8-2-build-windows-i586-cygwin\jdk8u191\11896\hotspot\src\share\vm\prims\jni.cpp, line 709]
Event: 11447.595 Thread 0x27e7f400 Exception <a 'sun/nio/fs/WindowsException'> (0x081b4530) thrown at [C:\workspace\8-2-build-windows-i586-cygwin\jdk8u191\11896\hotspot\src\share\vm\prims\jni.cpp, line 709]
Event: 13984.736 Thread 0x26556400 Exception <a 'java/lang/Error': IP Helper Library GetIfTable function failed> (0x05bf1798) thrown at [C:\workspace\8-2-build-windows-i586-cygwin\jdk8u191\11896\hotspot\src\share\vm\prims\jni.cpp, line 735]

Events (10 events):
Event: 13980.397 Thread 0x25d62400 flushing nmethod 0x02d8d088
Event: 13981.148 Executing VM operation: GenCollectForAllocation
Event: 13981.152 Executing VM operation: GenCollectForAllocation done
Event: 13984.403 Thread 0x25d62400 flushing nmethod 0x02a13188
Event: 13984.403 Thread 0x25d62400 flushing nmethod 0x02a13448
Event: 13984.403 Thread 0x25d62400 flushing nmethod 0x02a22948
Event: 13984.403 Thread 0x25d62400 flushing nmethod 0x02a3a2c8
Event: 13984.404 Thread 0x25d62400 flushing nmethod 0x02b82408
Event: 13984.404 Thread 0x25d62400 flushing nmethod 0x02bbddc8
Event: 13984.404 Thread 0x25d62400 flushing nmethod 0x02bbe2c8


Dynamic libraries:
0x00bf0000 - 0x00c23000 	C:\Program Files (x86)\Arduino\java\bin\javaw.exe
0x779c0000 - 0x77b6a000 	C:\WINDOWS\SYSTEM32\ntdll.dll
0x766f0000 - 0x767e0000 	C:\WINDOWS\System32\KERNEL32.DLL
0x75fe0000 - 0x76237000 	C:\WINDOWS\System32\KERNELBASE.dll
0x762c0000 - 0x7633c000 	C:\WINDOWS\System32\ADVAPI32.dll
0x771b0000 - 0x77272000 	C:\WINDOWS\System32\msvcrt.dll
0x76c20000 - 0x76c9a000 	C:\WINDOWS\System32\sechost.dll
0x77010000 - 0x770cb000 	C:\WINDOWS\System32\RPCRT4.dll
0x75840000 - 0x759ec000 	C:\WINDOWS\System32\USER32.dll
0x76240000 - 0x7625a000 	C:\WINDOWS\System32\win32u.dll
0x76d20000 - 0x76d42000 	C:\WINDOWS\System32\GDI32.dll
0x75f00000 - 0x75fdf000 	C:\WINDOWS\System32\gdi32full.dll
0x76ca0000 - 0x76d1b000 	C:\WINDOWS\System32\msvcp_win.dll
0x77280000 - 0x77392000 	C:\WINDOWS\System32\ucrtbase.dll
0x75510000 - 0x75733000 	C:\WINDOWS\WinSxS\x86_microsoft.windows.common-controls_6595b64144ccf1df_6.0.22000.120_none_e541a94fcce8ed6d\COMCTL32.dll
0x75c30000 - 0x75c55000 	C:\WINDOWS\System32\IMM32.DLL
0x6c6a0000 - 0x6c75f000 	C:\Program Files (x86)\Arduino\java\bin\msvcr100.dll
0x6ac90000 - 0x6b063000 	C:\Program Files (x86)\Arduino\java\bin\client\jvm.dll
0x75ef0000 - 0x75ef6000 	C:\WINDOWS\System32\PSAPI.DLL
0x68e50000 - 0x68e58000 	C:\WINDOWS\SYSTEM32\WSOCK32.dll
0x765f0000 - 0x76654000 	C:\WINDOWS\System32\WS2_32.dll
0x753e0000 - 0x75411000 	C:\WINDOWS\SYSTEM32\WINMM.dll
0x73aa0000 - 0x73aa8000 	C:\WINDOWS\SYSTEM32\VERSION.dll
0x6f360000 - 0x6f390000 	C:\Program Files (x86)\Arduino\java\bin\splashscreen.dll
0x75340000 - 0x753c2000 	C:\WINDOWS\system32\uxtheme.dll
0x75c60000 - 0x75eec000 	C:\WINDOWS\System32\combase.dll
0x6f800000 - 0x6f80c000 	C:\Program Files (x86)\Arduino\java\bin\verify.dll
0x6ee70000 - 0x6ee92000 	C:\Program Files (x86)\Arduino\java\bin\java.dll
0x69cc0000 - 0x69d6c000 	c:\Program Files (x86)\HP\HP ProtectTools Security Manager\Bin\DpoFeedb.dll
0x76d50000 - 0x76d9a000 	C:\WINDOWS\System32\SHLWAPI.dll
0x75740000 - 0x7575f000 	C:\WINDOWS\SYSTEM32\USERENV.dll
0x6ee50000 - 0x6ee64000 	C:\Program Files (x86)\Arduino\java\bin\zip.dll
0x75a00000 - 0x75ada000 	C:\WINDOWS\System32\MSCTF.dll
0x752f0000 - 0x75302000 	C:\WINDOWS\SYSTEM32\kernel.appcore.dll
0x76340000 - 0x763a4000 	C:\WINDOWS\System32\bcryptPrimitives.dll
0x6aba0000 - 0x6ac81000 	C:\WINDOWS\SYSTEM32\textinputframework.dll
0x76f10000 - 0x76fac000 	C:\WINDOWS\System32\OLEAUT32.dll
0x52b00000 - 0x52bcb000 	C:\WINDOWS\SYSTEM32\CoreMessaging.dll
0x6a900000 - 0x6ab93000 	C:\WINDOWS\SYSTEM32\CoreUIComponents.dll
0x749a0000 - 0x74a8a000 	C:\WINDOWS\SYSTEM32\wintypes.dll
0x72920000 - 0x7292b000 	C:\WINDOWS\SYSTEM32\CRYPTBASE.DLL
0x773a0000 - 0x779ac000 	C:\WINDOWS\System32\SHELL32.dll
0x74b30000 - 0x751d2000 	C:\WINDOWS\SYSTEM32\windows.storage.dll
0x75760000 - 0x75821000 	C:\WINDOWS\System32\SHCORE.dll
0x6fc70000 - 0x6fc88000 	C:\WINDOWS\SYSTEM32\profapi.dll
0x61940000 - 0x619b3000 	C:\Program Files (x86)\Arduino\lib\listSerialsj.dll
0x767e0000 - 0x76c1b000 	C:\WINDOWS\System32\SETUPAPI.dll
0x72710000 - 0x7274b000 	C:\WINDOWS\SYSTEM32\cfgmgr32.DLL
0x6eac0000 - 0x6eadd000 	C:\Program Files (x86)\Arduino\lib\jnidispatch-4.2.2-win32-x86.dll
0x75ae0000 - 0x75c2d000 	C:\WINDOWS\System32\Ole32.dll
0x6eaa0000 - 0x6eab5000 	C:\Program Files (x86)\Arduino\java\bin\net.dll
0x72210000 - 0x72260000 	C:\WINDOWS\system32\mswsock.dll
0x6f7f0000 - 0x6f7ff000 	C:\Program Files (x86)\Arduino\java\bin\nio.dll
0x6a7b0000 - 0x6a8f7000 	C:\Program Files (x86)\Arduino\java\bin\awt.dll
0x6c210000 - 0x6c2b0000 	C:\WINDOWS\SYSTEM32\apphelp.dll
0x6ebe0000 - 0x6ec07000 	C:\WINDOWS\system32\DWMAPI.DLL
0x6ea60000 - 0x6ea99000 	C:\Program Files (x86)\Arduino\java\bin\fontmanager.dll
0x6a440000 - 0x6a520000 	C:\WINDOWS\system32\opengl32.dll
0x6c650000 - 0x6c691000 	C:\WINDOWS\SYSTEM32\GLU32.dll
0x6bc30000 - 0x6bc5e000 	C:\WINDOWS\SYSTEM32\dxcore.dll
0x6e9a0000 - 0x6e9d2000 	C:\Program Files (x86)\Arduino\java\bin\t2k.dll
0x6f350000 - 0x6f35a000 	C:\Program Files (x86)\Arduino\java\bin\management.dll
0x6e980000 - 0x6e992000 	C:\WINDOWS\system32\napinsp.dll
0x6e950000 - 0x6e966000 	C:\WINDOWS\system32\pnrpnsp.dll
0x6fa40000 - 0x6faef000 	C:\WINDOWS\SYSTEM32\DNSAPI.dll
0x728f0000 - 0x72914000 	C:\WINDOWS\SYSTEM32\IPHLPAPI.DLL
0x75830000 - 0x75837000 	C:\WINDOWS\System32\NSI.dll
0x6e8a0000 - 0x6e8ae000 	C:\WINDOWS\System32\winrnr.dll
0x6e880000 - 0x6e891000 	C:\WINDOWS\system32\wshbth.dll
0x6dfe0000 - 0x6dff9000 	C:\WINDOWS\system32\nlansp_c.dll
0x6a120000 - 0x6a17b000 	C:\WINDOWS\System32\fwpuclnt.dll
0x6f7a0000 - 0x6f7a8000 	C:\Windows\System32\rasadhlp.dll
0x6faf0000 - 0x6fb05000 	C:\WINDOWS\SYSTEM32\dhcpcsvc6.DLL
0x731a0000 - 0x731b7000 	C:\WINDOWS\SYSTEM32\dhcpcsvc.DLL
0x70750000 - 0x70763000 	C:\WINDOWS\SYSTEM32\CRYPTSP.dll
0x6fc90000 - 0x6fcbf000 	C:\WINDOWS\system32\rsaenh.dll
0x72930000 - 0x72949000 	C:\WINDOWS\SYSTEM32\bcrypt.dll
0x70720000 - 0x70744000 	C:\WINDOWS\SYSTEM32\DEVOBJ.dll
0x77160000 - 0x771af000 	C:\WINDOWS\System32\WINTRUST.dll
0x763b0000 - 0x764ae000 	C:\WINDOWS\System32\CRYPT32.dll
0x72160000 - 0x7216e000 	C:\WINDOWS\SYSTEM32\MSASN1.dll
0x6a740000 - 0x6a7a9000 	C:\Program Files (x86)\Arduino\msvcp100.dll
0x6a380000 - 0x6a43e000 	C:\Program Files (x86)\Arduino\msvcr100.dll
0x28840000 - 0x28872000 	C:\Program Files (x86)\Arduino\lib\AStylej.dll
0x6a710000 - 0x6a734000 	C:\Program Files (x86)\Arduino\java\bin\dcpr.dll
0x770d0000 - 0x77152000 	C:\WINDOWS\System32\clbcatq.dll
0x6b070000 - 0x6b1d0000 	C:\WINDOWS\SYSTEM32\WindowsCodecs.dll
0x6a330000 - 0x6a37e000 	C:\WINDOWS\system32\dataexchange.dll
0x68c50000 - 0x68e47000 	C:\WINDOWS\system32\twinapi.appcore.dll
0x6dce0000 - 0x6dd00000 	C:\Program Files (x86)\Arduino\java\bin\sunec.dll
0x6ea50000 - 0x6ea59000 	C:\Program Files (x86)\Arduino\java\bin\sunmscapi.dll
0x6a2d0000 - 0x6a327000 	C:\WINDOWS\system32\Ninput.dll
0x64000000 - 0x6401b000 	C:\Program Files (x86)\Arduino\lib\jSSC-2.8_x86.dll
0x6f9d0000 - 0x6f9ed000 	C:\WINDOWS\SYSTEM32\edputil.dll
0x6f970000 - 0x6f9b2000 	C:\WINDOWS\System32\VAULTCLI.dll

VM Arguments:
jvm_args: -Dsun.java2d.d3d=false -Djna.nosys=true -Djna.nounpack=true -Djna.boot.library.name=jnidispatch-4.2.2-win32-x86 -Djna.boot.library.path=C:\Program Files (x86)\Arduino/lib -Djssc.library.path=C:\Program Files (x86)\Arduino/lib -DAPP_DIR=C:\Program Files (x86)\Arduino -Xms128M -Xmx512M -Dfile.encoding=UTF8 -Djava.net.preferIPv4Stack=true 
java_command: processing.app.Base C:\Users\User\Desktop\ring-rider-project-main\TwoPlayerFadingLights_8points_auido\TwoPlayerFadingLights_8points_auido.ino
java_class_path (initial): C:\Program Files (x86)\Arduino\lib\apple.jar;C:\Program Files (x86)\Arduino\lib\arduino-core.jar;C:\Program Files (x86)\Arduino\lib\batik-1.8.jar;C:\Program Files (x86)\Arduino\lib\batik-anim-1.8.jar;C:\Program Files (x86)\Arduino\lib\batik-awt-util-1.8.jar;C:\Program Files (x86)\Arduino\lib\batik-bridge-1.8.jar;C:\Program Files (x86)\Arduino\lib\batik-codec-1.8.jar;C:\Program Files (x86)\Arduino\lib\batik-css-1.8.jar;C:\Program Files (x86)\Arduino\lib\batik-dom-1.8.jar;C:\Program Files (x86)\Arduino\lib\batik-ext-1.8.jar;C:\Program Files (x86)\Arduino\lib\batik-gvt-1.8.jar;C:\Program Files (x86)\Arduino\lib\batik-parser-1.8.jar;C:\Program Files (x86)\Arduino\lib\batik-rasterizer-1.8.jar;C:\Program Files (x86)\Arduino\lib\batik-script-1.8.jar;C:\Program Files (x86)\Arduino\lib\batik-squiggle-1.8.jar;C:\Program Files (x86)\Arduino\lib\batik-svg-dom-1.8.jar;C:\Program Files (x86)\Arduino\lib\batik-svgpp-1.8.jar;C:\Program Files (x86)\Arduino\lib\batik-transcoder-1.8.jar;C:\Program Files (x86)\Arduino\lib\batik-util-1.8.jar;C:\Program Files (x86)\Arduino\lib\batik-xml-1.8.jar;C:\Program Files (x86)\Arduino\lib\bcpg-jdk15on-152.jar;C:\Program Files (x86)\Arduino\lib\bcprov-jdk15on-152.jar;C:\Program Files (x86)\Arduino\lib\commons-codec-1.7.jar;C:\Program Files (x86)\Arduino\lib\commons-compress-1.8.jar;C:\Program Files (x86)\Arduino\lib\commons-exec-1.1.jar;C:\Program Files (x86)\Arduino\lib\commons-httpclient-3.1.jar;C:\Program Files (x86)\Arduino\lib\commons-lang3-3.8.1.jar;C:\Program Files (x86)\Arduino\lib\commons-logging-1.0.4.jar;C:\Program Files (x86)\Arduino\lib\commons-net-3.3.jar;C:\Program Files (x86)\Arduino\lib\commons-io-2.6.jar;C:\Program Files (x86)\Arduino\lib\jackson-annotations-2.9.5.jar;C:\Program Files (x86)\Arduino\lib\jackson-core-2.9.5.jar;C:\Program Files (x86)\Arduino\lib\jackson-databind-2.9.5.jar;C:\Program Files (x86)\Arduino\lib\java-semver-0.8.0.jar;C:\Program Files (x86)\Arduino\lib\jmdns-3.5.5.jar;C:\Program
Launcher Type: SUN_STANDARD

Environment Variables:
CLASSPATH=.;C:\Program Files (x86)\QuickTime\QTSystem\QTJava.zip
PATH=C:\Program Files (x86)\Razer Chroma SDK\bin;C:\Program Files\Razer Chroma SDK\bin;C:\WINDOWS\system32;C:\WINDOWS;C:\WINDOWS\System32\Wbem;C:\WINDOWS\System32\WindowsPowerShell\v1.0\;C:\WINDOWS\System32\OpenSSH\;C:\Program Files\NVIDIA Corporation\NVIDIA NvDLISR;C:\Program Files (x86)\NVIDIA Corporation\PhysX\Common;C:\Users\User\AppData\Local\Programs\Python\Python37-32\Scripts\;C:\Users\User\AppData\Local\Programs\Python\Python37-32\;C:\Users\User\AppData\Local\Microsoft\WindowsApps;C:\Program Files\Intel\WiFi\bin\;C:\Program Files\Common Files\Intel\WirelessCommon\;C:\Program Files (x86)\NoteBook FanControl\;C:\WINDOWS\system32;C:\WINDOWS;C:\WINDOWS\System32\Wbem;C:\WINDOWS\System32\WindowsPowerShell\v1.0\;C:\WINDOWS\System32\OpenSSH\;C:\Program Files (x86)\QuickTime\QTSystem\;C:\Program Files (x86)\Intel\Intel(R) Management Engine Components\DAL;C:\Program Files\Intel\Intel(R) Management Engine Components\DAL;C:\Program Files\Git\cmd;C:\Users\User\AppData\Local\Microsoft\WindowsApps;;C:\Program Files\JetBrains\PyCharm Community Edition 2021.2.3\bin;;C:\Users\User\AppData\Local\Programs\Microsoft VS Code\bin;C:\Program Files (x86)\Arduino\java\bin
USERNAME=User
OS=Windows_NT
PROCESSOR_IDENTIFIER=Intel64 Family 6 Model 142 Stepping 10, GenuineIntel



---------------  S Y S T E M  ---------------

OS: Windows 10.0 , 64 bit Build 22000 (10.0.22000.708)

CPU:total 8 (initial active 8) (4 cores per cpu, 2 threads per core) family 6 model 142 stepping 10, cmov, cx8, fxsr, mmx, sse, sse2, sse3, ssse3, sse4.1, sse4.2, popcnt, avx, avx2, aes, clmul, erms, 3dnowpref, lzcnt, ht, tsc, tscinvbit, bmi1, bmi2, adx

Memory: 4k page, physical 16616660k(108728k free), swap 47711988k(0k free)

vm_info: Java HotSpot(TM) Client VM (25.191-b12) for windows-x86 JRE (1.8.0_191-b12), built on Oct  6 2018 08:34:23 by "java_re" with MS VC++ 10.0 (VS2010)

time: Wed Jul 06 14:09:14 2022
elapsed time: 13984 seconds (0d 3h 53m 4s)

